<?xml version="1.0" encoding="UTF-8"?>
<testsuite name="TestSuite.AllTestSuite" time="15.514" tests="30" errors="2" skipped="0" failures="1">
  <properties>
    <property name="java.runtime.name" value="Java(TM) SE Runtime Environment"/>
    <property name="sun.boot.library.path" value="C:\Program Files\Java\jdk1.8.0_111\jre\bin"/>
    <property name="java.vm.version" value="25.111-b14"/>
    <property name="user.country.format" value="UA"/>
    <property name="java.vm.vendor" value="Oracle Corporation"/>
    <property name="maven.multiModuleProjectDirectory" value="D:\Project\ZonarAPI"/>
    <property name="java.vendor.url" value="http://java.oracle.com/"/>
    <property name="path.separator" value=";"/>
    <property name="guice.disable.misplaced.annotation.check" value="true"/>
    <property name="java.vm.name" value="Java HotSpot(TM) 64-Bit Server VM"/>
    <property name="file.encoding.pkg" value="sun.io"/>
    <property name="user.script" value=""/>
    <property name="user.country" value="RU"/>
    <property name="sun.java.launcher" value="SUN_STANDARD"/>
    <property name="sun.os.patch.level" value=""/>
    <property name="java.vm.specification.name" value="Java Virtual Machine Specification"/>
    <property name="user.dir" value="D:\Project\ZonarAPI"/>
    <property name="java.runtime.version" value="1.8.0_111-b14"/>
    <property name="java.awt.graphicsenv" value="sun.awt.Win32GraphicsEnvironment"/>
    <property name="java.endorsed.dirs" value="C:\Program Files\Java\jdk1.8.0_111\jre\lib\endorsed"/>
    <property name="os.arch" value="amd64"/>
    <property name="java.io.tmpdir" value="C:\Users\8523~1\AppData\Local\Temp\"/>
    <property name="line.separator" value="&#10;"/>
    <property name="java.vm.specification.vendor" value="Oracle Corporation"/>
    <property name="user.variant" value=""/>
    <property name="os.name" value="Windows 10"/>
    <property name="classworlds.conf" value="C:\Program Files\apache-maven-3.5.0\bin\..\bin\m2.conf"/>
    <property name="sun.jnu.encoding" value="Cp1251"/>
    <property name="java.library.path" value="C:\Program Files\Java\jdk1.8.0_111\bin;C:\WINDOWS\Sun\Java\bin;C:\WINDOWS\system32;C:\WINDOWS;C:\ProgramData\Oracle\Java\javapath;C:\Program Files\Java\jdk1.8.0_77;C:\WINDOWS\system32;C:\WINDOWS;C:\WINDOWS\System32\Wbem;C:\WINDOWS\System32\WindowsPowerShell\v1.0\;C:\Program Files (x86)\ATI Technologies\ATI.ACE\Core-Static;C:\Program Files\Microsoft SQL Server\120\Tools\Binn\;C:\Program Files (x86)\Windows Kits\10\Windows Performance Toolkit\;C:\Program Files (x86)\Microsoft SQL Server\100\Tools\Binn\VSShell\Common7\IDE\;C:\Program Files (x86)\Microsoft SQL Server\100\Tools\Binn\;C:\Program Files\Microsoft SQL Server\100\Tools\Binn\;C:\Program Files (x86)\Microsoft SQL Server\100\DTS\Binn\;C:\Program Files (x86)\GtkSharp\2.12\bin;C:\Users\Александр\.dnx\bin;C:\Program Files\Microsoft DNX\Dnvm\;C:\Program Files\OpenVPN\bin;C:\Program Files\TortoiseGit\bin;D:\Tool\apache-maven-3.3.9\;D:\Tool\chromedriver.exe;C:\Program Files (x86)\QuickTime\QTSystem\;C:\Program Files (x86)\Microsoft SQL Server\110\Tools\Binn\ManagementStudio\;C:\Program Files (x86)\Microsoft SQL Server\110\Tools\Binn\;C:\Program Files (x86)\Microsoft SQL Server\110\DTS\Binn\;C:\Users\Александр\AppData\Local\Programs\Git\cmd;C:\Program Files\Java\jre7;C:\Program Files (x86)\Skype\Phone\;C:\Program Files (x86)\PICT\;C:\Ruby23-x64\bin;C:\ProgramData\chocolatey\bin;C:\Program Files\Java\jdk1.8.0_77;C:\Program Files\Java\jre1.8.0_111;C:\Users\Александр\AppData\Local\Microsoft\WindowsApps;C:\Program Files\apache-maven-3.5.0\bin;."/>
    <property name="maven.conf" value="C:\Program Files\apache-maven-3.5.0\bin\../conf"/>
    <property name="java.specification.name" value="Java Platform API Specification"/>
    <property name="java.class.version" value="52.0"/>
    <property name="sun.management.compiler" value="HotSpot 64-Bit Tiered Compilers"/>
    <property name="os.version" value="10.0"/>
    <property name="library.jansi.path" value="C:\Program Files\apache-maven-3.5.0\bin\..\lib\jansi-native\windows64"/>
    <property name="user.home" value="C:\Users\Александр"/>
    <property name="user.timezone" value="Europe/Helsinki"/>
    <property name="java.awt.printerjob" value="sun.awt.windows.WPrinterJob"/>
    <property name="java.specification.version" value="1.8"/>
    <property name="file.encoding" value="Cp1251"/>
    <property name="user.name" value="Александр"/>
    <property name="java.class.path" value="C:\Program Files\apache-maven-3.5.0\bin\..\boot\plexus-classworlds-2.5.2.jar"/>
    <property name="java.vm.specification.version" value="1.8"/>
    <property name="sun.arch.data.model" value="64"/>
    <property name="java.home" value="C:\Program Files\Java\jdk1.8.0_111\jre"/>
    <property name="sun.java.command" value="org.codehaus.plexus.classworlds.launcher.Launcher clean test site"/>
    <property name="java.specification.vendor" value="Oracle Corporation"/>
    <property name="user.language" value="ru"/>
    <property name="user.language.format" value="uk"/>
    <property name="awt.toolkit" value="sun.awt.windows.WToolkit"/>
    <property name="java.vm.info" value="mixed mode"/>
    <property name="java.version" value="1.8.0_111"/>
    <property name="java.ext.dirs" value="C:\Program Files\Java\jdk1.8.0_111\jre\lib\ext;C:\WINDOWS\Sun\Java\lib\ext"/>
    <property name="sun.boot.class.path" value="C:\Program Files\Java\jdk1.8.0_111\jre\lib\resources.jar;C:\Program Files\Java\jdk1.8.0_111\jre\lib\rt.jar;C:\Program Files\Java\jdk1.8.0_111\jre\lib\sunrsasign.jar;C:\Program Files\Java\jdk1.8.0_111\jre\lib\jsse.jar;C:\Program Files\Java\jdk1.8.0_111\jre\lib\jce.jar;C:\Program Files\Java\jdk1.8.0_111\jre\lib\charsets.jar;C:\Program Files\Java\jdk1.8.0_111\jre\lib\jfr.jar;C:\Program Files\Java\jdk1.8.0_111\jre\classes"/>
    <property name="sun.stderr.encoding" value="cp866"/>
    <property name="java.vendor" value="Oracle Corporation"/>
    <property name="maven.home" value="C:\Program Files\apache-maven-3.5.0\bin\.."/>
    <property name="file.separator" value="\"/>
    <property name="java.vendor.url.bug" value="http://bugreport.sun.com/bugreport/"/>
    <property name="sun.cpu.endian" value="little"/>
    <property name="sun.io.unicode.encoding" value="UnicodeLittle"/>
    <property name="sun.stdout.encoding" value="cp866"/>
    <property name="sun.desktop" value="windows"/>
    <property name="sun.cpu.isalist" value="amd64"/>
  </properties>
  <testcase name="loginTest[Login: alex@test.com Password: Qwerty1! ]" classname="Tests.AccountTests.Login" time="4.229"/>
  <testcase name="getUserData[Login: alex@test.com Password: Qwerty1! ]" classname="Tests.AccountTests.Login" time="1.236">
    <error type="java.lang.NullPointerException:">java.lang.NullPointerException: null
	at Actions.UserAction.checkEmail(UserAction.java:40)
	at Tests.AccountTests.Login.getUserData(Login.java:39)
</error>
    <system-err><![CDATA[com.fasterxml.jackson.core.JsonParseException: Unexpected character ('<' (code 60)): expected a valid value (number, String, array, object, 'true', 'false' or 'null')
 at [Source: <!DOCTYPE html>
<html>
<head>
    <meta charset="utf-8" />
    <meta name="viewport" content="width=device-width, initial-scale=1.0, user-scalable=no">
    <title>Page Not Found</title>
    <script src='/javascripts/ui/common/google_analytics_scripts.js'></script>
    <link href="https://fonts.googleapis.com/css?family=Roboto+Condensed:400,300,700,600" rel="stylesheet" type="text/css">
    <link rel="shortcut icon" href="/stylesheets/svg/favicon.ico">
    
        <link rel="stylesheet" type='text/css' href="/stylesheets/app.css" />
    
</head>
<body class="missing-page">
    <div class="off-canvas-wrap">
        <div class="inner-wrap">
            <div class="row full-width l-main">
                <div class="large-12 columns no-padding-small-only">
                    <div class="row">
                        <div class="large-12 columns">
                            <div class="column large-8 large-push-2 medium-10 medium-push-1">
                                <div class="not-fou">
                                    <div class="row margin-bottom-3">
                                        <div class="column small-12 medium-push-9 medium-3 heading3">OOPS!</div>
                                        <div class="column small-12 medium-9 medium-pull-3">
                                            <div class="heading1">Sorry, page not found</div>
                                            <div class="heading2">Please check again later or go to <a href="/">Account Page</a>.</div>
                                        </div>
                                    </div>
                                </div>
                            </div>
                        </div>
                    </div>
                </div>
            </div>
        </div>
    </div>
</body>
</html>
; line: 1, column: 2]
	at com.fasterxml.jackson.core.JsonParser._constructError(JsonParser.java:1702)
	at com.fasterxml.jackson.core.base.ParserMinimalBase._reportError(ParserMinimalBase.java:558)
	at com.fasterxml.jackson.core.base.ParserMinimalBase._reportUnexpectedChar(ParserMinimalBase.java:456)
	at com.fasterxml.jackson.core.json.ReaderBasedJsonParser._handleOddValue(ReaderBasedJsonParser.java:1902)
	at com.fasterxml.jackson.core.json.ReaderBasedJsonParser.nextToken(ReaderBasedJsonParser.java:749)
	at com.fasterxml.jackson.databind.ObjectMapper._initForReading(ObjectMapper.java:3825)
	at com.fasterxml.jackson.databind.ObjectMapper._readMapAndClose(ObjectMapper.java:3774)
	at com.fasterxml.jackson.databind.ObjectMapper.readValue(ObjectMapper.java:2833)
	at Services.JsonConverter.getObjectFromFile(JsonConverter.java:16)
	at Actions.UserAction.sendGetUserDataRequest(UserAction.java:34)
	at Tests.AccountTests.Login.getUserData(Login.java:38)
	at sun.reflect.NativeMethodAccessorImpl.invoke0(Native Method)
	at sun.reflect.NativeMethodAccessorImpl.invoke(NativeMethodAccessorImpl.java:62)
	at sun.reflect.DelegatingMethodAccessorImpl.invoke(DelegatingMethodAccessorImpl.java:43)
	at java.lang.reflect.Method.invoke(Method.java:498)
	at org.junit.runners.model.FrameworkMethod$1.runReflectiveCall(FrameworkMethod.java:50)
	at org.junit.internal.runners.model.ReflectiveCallable.run(ReflectiveCallable.java:12)
	at org.junit.runners.model.FrameworkMethod.invokeExplosively(FrameworkMethod.java:47)
	at org.junit.internal.runners.statements.InvokeMethod.evaluate(InvokeMethod.java:17)
	at org.junit.internal.runners.statements.RunAfters.evaluate(RunAfters.java:27)
	at org.junit.runners.ParentRunner.runLeaf(ParentRunner.java:325)
	at org.junit.runners.BlockJUnit4ClassRunner.runChild(BlockJUnit4ClassRunner.java:78)
	at org.junit.runners.BlockJUnit4ClassRunner.runChild(BlockJUnit4ClassRunner.java:57)
	at org.junit.runners.ParentRunner$3.run(ParentRunner.java:290)
	at org.junit.runners.ParentRunner$1.schedule(ParentRunner.java:71)
	at org.junit.runners.ParentRunner.runChildren(ParentRunner.java:288)
	at org.junit.runners.ParentRunner.access$000(ParentRunner.java:58)
	at org.junit.runners.ParentRunner$2.evaluate(ParentRunner.java:268)
	at org.junit.runners.ParentRunner.run(ParentRunner.java:363)
	at org.junit.runners.Suite.runChild(Suite.java:128)
	at org.junit.runners.Suite.runChild(Suite.java:27)
	at org.junit.runners.ParentRunner$3.run(ParentRunner.java:290)
	at org.junit.runners.ParentRunner$1.schedule(ParentRunner.java:71)
	at org.junit.runners.ParentRunner.runChildren(ParentRunner.java:288)
	at org.junit.runners.ParentRunner.access$000(ParentRunner.java:58)
	at org.junit.runners.ParentRunner$2.evaluate(ParentRunner.java:268)
	at org.junit.internal.runners.statements.RunBefores.evaluate(RunBefores.java:26)
	at org.junit.runners.ParentRunner.run(ParentRunner.java:363)
	at org.junit.runners.Suite.runChild(Suite.java:128)
	at org.junit.runners.Suite.runChild(Suite.java:27)
	at org.junit.runners.ParentRunner$3.run(ParentRunner.java:290)
	at org.junit.runners.ParentRunner$1.schedule(ParentRunner.java:71)
	at org.junit.runners.ParentRunner.runChildren(ParentRunner.java:288)
	at org.junit.runners.ParentRunner.access$000(ParentRunner.java:58)
	at org.junit.runners.ParentRunner$2.evaluate(ParentRunner.java:268)
	at org.junit.runners.ParentRunner.run(ParentRunner.java:363)
	at org.junit.runners.Suite.runChild(Suite.java:128)
	at org.junit.runners.Suite.runChild(Suite.java:27)
	at org.junit.runners.ParentRunner$3.run(ParentRunner.java:290)
	at org.junit.runners.ParentRunner$1.schedule(ParentRunner.java:71)
	at org.junit.runners.ParentRunner.runChildren(ParentRunner.java:288)
	at org.junit.runners.ParentRunner.access$000(ParentRunner.java:58)
	at org.junit.runners.ParentRunner$2.evaluate(ParentRunner.java:268)
	at org.junit.runners.ParentRunner.run(ParentRunner.java:363)
	at org.apache.maven.surefire.junit4.JUnit4Provider.execute(JUnit4Provider.java:264)
	at org.apache.maven.surefire.junit4.JUnit4Provider.executeTestSet(JUnit4Provider.java:153)
	at org.apache.maven.surefire.junit4.JUnit4Provider.invoke(JUnit4Provider.java:124)
	at sun.reflect.NativeMethodAccessorImpl.invoke0(Native Method)
	at sun.reflect.NativeMethodAccessorImpl.invoke(NativeMethodAccessorImpl.java:62)
	at sun.reflect.DelegatingMethodAccessorImpl.invoke(DelegatingMethodAccessorImpl.java:43)
	at java.lang.reflect.Method.invoke(Method.java:498)
	at org.apache.maven.surefire.util.ReflectionUtils.invokeMethodWithArray2(ReflectionUtils.java:208)
	at org.apache.maven.surefire.booter.ProviderFactory$ProviderProxy.invoke(ProviderFactory.java:158)
	at org.apache.maven.surefire.booter.ProviderFactory.invokeProvider(ProviderFactory.java:86)
	at org.apache.maven.surefire.booter.ForkedBooter.runSuitesInProcess(ForkedBooter.java:153)
	at org.apache.maven.surefire.booter.ForkedBooter.main(ForkedBooter.java:95)
]]></system-err>
  </testcase>
  <testcase name="loginTest[Login: alex@test.com Password: Qwerty1! ]" classname="Tests.AccountTests.Login" time="0"/>
  <testcase name="getUserData[Login: alex@test.com Password: Qwerty1! ]" classname="Tests.AccountTests.Login" time="0.238">
    <error type="java.lang.NullPointerException:">java.lang.NullPointerException: null
	at Actions.UserAction.checkEmail(UserAction.java:40)
	at Tests.AccountTests.Login.getUserData(Login.java:39)
</error>
    <system-err><![CDATA[com.fasterxml.jackson.core.JsonParseException: Unexpected character ('<' (code 60)): expected a valid value (number, String, array, object, 'true', 'false' or 'null')
 at [Source: <!DOCTYPE html>
<html>
<head>
    <meta charset="utf-8" />
    <meta name="viewport" content="width=device-width, initial-scale=1.0, user-scalable=no">
    <title>Page Not Found</title>
    <script src='/javascripts/ui/common/google_analytics_scripts.js'></script>
    <link href="https://fonts.googleapis.com/css?family=Roboto+Condensed:400,300,700,600" rel="stylesheet" type="text/css">
    <link rel="shortcut icon" href="/stylesheets/svg/favicon.ico">
    
        <link rel="stylesheet" type='text/css' href="/stylesheets/app.css" />
    
</head>
<body class="missing-page">
    <div class="off-canvas-wrap">
        <div class="inner-wrap">
            <div class="row full-width l-main">
                <div class="large-12 columns no-padding-small-only">
                    <div class="row">
                        <div class="large-12 columns">
                            <div class="column large-8 large-push-2 medium-10 medium-push-1">
                                <div class="not-fou">
                                    <div class="row margin-bottom-3">
                                        <div class="column small-12 medium-push-9 medium-3 heading3">OOPS!</div>
                                        <div class="column small-12 medium-9 medium-pull-3">
                                            <div class="heading1">Sorry, page not found</div>
                                            <div class="heading2">Please check again later or go to <a href="/">Account Page</a>.</div>
                                        </div>
                                    </div>
                                </div>
                            </div>
                        </div>
                    </div>
                </div>
            </div>
        </div>
    </div>
</body>
</html>
; line: 1, column: 2]
	at com.fasterxml.jackson.core.JsonParser._constructError(JsonParser.java:1702)
	at com.fasterxml.jackson.core.base.ParserMinimalBase._reportError(ParserMinimalBase.java:558)
	at com.fasterxml.jackson.core.base.ParserMinimalBase._reportUnexpectedChar(ParserMinimalBase.java:456)
	at com.fasterxml.jackson.core.json.ReaderBasedJsonParser._handleOddValue(ReaderBasedJsonParser.java:1902)
	at com.fasterxml.jackson.core.json.ReaderBasedJsonParser.nextToken(ReaderBasedJsonParser.java:749)
	at com.fasterxml.jackson.databind.ObjectMapper._initForReading(ObjectMapper.java:3825)
	at com.fasterxml.jackson.databind.ObjectMapper._readMapAndClose(ObjectMapper.java:3774)
	at com.fasterxml.jackson.databind.ObjectMapper.readValue(ObjectMapper.java:2833)
	at Services.JsonConverter.getObjectFromFile(JsonConverter.java:16)
	at Actions.UserAction.sendGetUserDataRequest(UserAction.java:34)
	at Tests.AccountTests.Login.getUserData(Login.java:38)
	at sun.reflect.NativeMethodAccessorImpl.invoke0(Native Method)
	at sun.reflect.NativeMethodAccessorImpl.invoke(NativeMethodAccessorImpl.java:62)
	at sun.reflect.DelegatingMethodAccessorImpl.invoke(DelegatingMethodAccessorImpl.java:43)
	at java.lang.reflect.Method.invoke(Method.java:498)
	at org.junit.runners.model.FrameworkMethod$1.runReflectiveCall(FrameworkMethod.java:50)
	at org.junit.internal.runners.model.ReflectiveCallable.run(ReflectiveCallable.java:12)
	at org.junit.runners.model.FrameworkMethod.invokeExplosively(FrameworkMethod.java:47)
	at org.junit.internal.runners.statements.InvokeMethod.evaluate(InvokeMethod.java:17)
	at org.junit.internal.runners.statements.RunAfters.evaluate(RunAfters.java:27)
	at org.junit.runners.ParentRunner.runLeaf(ParentRunner.java:325)
	at org.junit.runners.BlockJUnit4ClassRunner.runChild(BlockJUnit4ClassRunner.java:78)
	at org.junit.runners.BlockJUnit4ClassRunner.runChild(BlockJUnit4ClassRunner.java:57)
	at org.junit.runners.ParentRunner$3.run(ParentRunner.java:290)
	at org.junit.runners.ParentRunner$1.schedule(ParentRunner.java:71)
	at org.junit.runners.ParentRunner.runChildren(ParentRunner.java:288)
	at org.junit.runners.ParentRunner.access$000(ParentRunner.java:58)
	at org.junit.runners.ParentRunner$2.evaluate(ParentRunner.java:268)
	at org.junit.runners.ParentRunner.run(ParentRunner.java:363)
	at org.junit.runners.Suite.runChild(Suite.java:128)
	at org.junit.runners.Suite.runChild(Suite.java:27)
	at org.junit.runners.ParentRunner$3.run(ParentRunner.java:290)
	at org.junit.runners.ParentRunner$1.schedule(ParentRunner.java:71)
	at org.junit.runners.ParentRunner.runChildren(ParentRunner.java:288)
	at org.junit.runners.ParentRunner.access$000(ParentRunner.java:58)
	at org.junit.runners.ParentRunner$2.evaluate(ParentRunner.java:268)
	at org.junit.internal.runners.statements.RunBefores.evaluate(RunBefores.java:26)
	at org.junit.runners.ParentRunner.run(ParentRunner.java:363)
	at org.junit.runners.Suite.runChild(Suite.java:128)
	at org.junit.runners.Suite.runChild(Suite.java:27)
	at org.junit.runners.ParentRunner$3.run(ParentRunner.java:290)
	at org.junit.runners.ParentRunner$1.schedule(ParentRunner.java:71)
	at org.junit.runners.ParentRunner.runChildren(ParentRunner.java:288)
	at org.junit.runners.ParentRunner.access$000(ParentRunner.java:58)
	at org.junit.runners.ParentRunner$2.evaluate(ParentRunner.java:268)
	at org.junit.runners.ParentRunner.run(ParentRunner.java:363)
	at org.junit.runners.Suite.runChild(Suite.java:128)
	at org.junit.runners.Suite.runChild(Suite.java:27)
	at org.junit.runners.ParentRunner$3.run(ParentRunner.java:290)
	at org.junit.runners.ParentRunner$1.schedule(ParentRunner.java:71)
	at org.junit.runners.ParentRunner.runChildren(ParentRunner.java:288)
	at org.junit.runners.ParentRunner.access$000(ParentRunner.java:58)
	at org.junit.runners.ParentRunner$2.evaluate(ParentRunner.java:268)
	at org.junit.runners.ParentRunner.run(ParentRunner.java:363)
	at org.apache.maven.surefire.junit4.JUnit4Provider.execute(JUnit4Provider.java:264)
	at org.apache.maven.surefire.junit4.JUnit4Provider.executeTestSet(JUnit4Provider.java:153)
	at org.apache.maven.surefire.junit4.JUnit4Provider.invoke(JUnit4Provider.java:124)
	at sun.reflect.NativeMethodAccessorImpl.invoke0(Native Method)
	at sun.reflect.NativeMethodAccessorImpl.invoke(NativeMethodAccessorImpl.java:62)
	at sun.reflect.DelegatingMethodAccessorImpl.invoke(DelegatingMethodAccessorImpl.java:43)
	at java.lang.reflect.Method.invoke(Method.java:498)
	at org.apache.maven.surefire.util.ReflectionUtils.invokeMethodWithArray2(ReflectionUtils.java:208)
	at org.apache.maven.surefire.booter.ProviderFactory$ProviderProxy.invoke(ProviderFactory.java:158)
	at org.apache.maven.surefire.booter.ProviderFactory.invokeProvider(ProviderFactory.java:86)
	at org.apache.maven.surefire.booter.ForkedBooter.runSuitesInProcess(ForkedBooter.java:153)
	at org.apache.maven.surefire.booter.ForkedBooter.main(ForkedBooter.java:95)
]]></system-err>
  </testcase>
  <testcase name="checkShapeWidthDepth[Shape number: 828 900]" classname="Tests.CalculationTests.BuildingTests.BuildingTests" time="2.095"/>
  <testcase name="checkAppliedVariances[Shape number: 828 900]" classname="Tests.CalculationTests.BuildingTests.BuildingTests" time="0.009">
    <failure message="&#10;Expected: is &lt;[[889, 888, 890, 891, 892, 894, 895, 897, 899, 900, 901, 902]&gt;&#10;     but: was &lt;[[889, 888, 890, 891, 892, 894, 895, 897, 899, 900, 901, 902, 898]&gt;" type="java.lang.AssertionError"><![CDATA[java.lang.AssertionError: 
Expected: is <[[889, 888, 890, 891, 892, 894, 895, 897, 899, 900, 901, 902]>
     but: was <[[889, 888, 890, 891, 892, 894, 895, 897, 899, 900, 901, 902, 898]>
	at org.hamcrest.MatcherAssert.assertThat(MatcherAssert.java:20)
	at org.hamcrest.MatcherAssert.assertThat(MatcherAssert.java:8)
	at Actions.BuildingActions.BuildingActions.checkVariancesList(BuildingActions.java:62)
	at Tests.CalculationTests.BuildingTests.BuildingTests.checkAppliedVariances(BuildingTests.java:31)
]]></failure>
  </testcase>
  <testcase name="checkZone[Shape number: 828 900]" classname="Tests.CalculationTests.BuildingTests.BuildingTests" time="0.012"/>
  <testcase name="checkZoneCodes[Shape number: 828 900]" classname="Tests.CalculationTests.ProjectTests.ProjectGeneralInformationTests" time="1.955"/>
  <testcase name="checkProjectOwner[Shape number: 828 900]" classname="Tests.CalculationTests.ProjectTests.ProjectGeneralInformationTests" time="0"/>
  <testcase name="checkProjectName[Shape number: 828 900]" classname="Tests.CalculationTests.ProjectTests.ProjectGeneralInformationTests" time="0"/>
  <testcase name="lotCoverageTest[Shape number: 828 900]" classname="Tests.CalculationTests.BuildingTests.ZoningAllowence.MaximumLotCapacityTests" time="1.849"/>
  <testcase name="maxBuildingAreaAllowed[Shape number: 828 900]" classname="Tests.CalculationTests.BuildingTests.ZoningAllowence.MaximumLotCapacityTests" time="0"/>
  <testcase name="dwellingUnitsAllowedTest[Shape number: 828 900]" classname="Tests.CalculationTests.BuildingTests.ZoningAllowence.MaximumLotCapacityTests" time="0"/>
  <testcase name="floorAreaRatio[Shape number: 828 900]" classname="Tests.CalculationTests.BuildingTests.ZoningAllowence.MaximumLotCapacityTests" time="0"/>
  <testcase name="minOpenSpaceTest[Shape number: 828 900]" classname="Tests.CalculationTests.BuildingTests.ZoningAllowence.MaximumLotCapacityTests" time="0"/>
  <testcase name="maxOfficeHeightAllowed[Shape number: 828 900]" classname="Tests.CalculationTests.BuildingTests.ZoningAllowence.MaximumLotCapacityTests" time="0"/>
  <testcase name="checkMaxCommercialEstablishedArea[Shape number: 828 900]" classname="Tests.CalculationTests.BuildingTests.ZoningAllowence.MaximumLotCapacityTests" time="0.001"/>
  <testcase name="maximumBuiltAreaTest[Shape number: 828 900]" classname="Tests.CalculationTests.BuildingTests.ZoningAllowence.MaximumLotCapacityTests" time="0.001"/>
  <testcase name="lotAreaInAcresTest[Shape number: 828 900]" classname="Tests.CalculationTests.BuildingTests.ZoningAllowence.MaximumLotCapacityTests" time="0"/>
  <testcase name="lotAreaPRCalculation[Shape number: 828 900]" classname="Tests.CalculationTests.BuildingTests.ZoningAllowence.MaximumLotCapacityTests" time="0.015"/>
  <testcase name="dwellingUnitsperAcreTest[Shape number: 828 900]" classname="Tests.CalculationTests.BuildingTests.ZoningAllowence.MaximumLotCapacityTests" time="0.001"/>
  <testcase name="maxCommercialAreaAllowed[Shape number: 828 900]" classname="Tests.CalculationTests.BuildingTests.ZoningAllowence.MaximumLotCapacityTests" time="0"/>
  <testcase name="maxCommercialHeight[Shape number: 828 900]" classname="Tests.CalculationTests.BuildingTests.ZoningAllowence.MaximumLotCapacityTests" time="0"/>
  <testcase name="principalBuildingMinHeightPodiumTest[Shape number: 828 900]" classname="Tests.CalculationTests.BuildingTests.ZoningAllowence.MaximumLotCapacityTests" time="0"/>
  <testcase name="principalBuildingMaxHeightPodiumTest[Shape number: 828 900]" classname="Tests.CalculationTests.BuildingTests.ZoningAllowence.MaximumLotCapacityTests" time="0"/>
  <testcase name="principalTowerHeight[Shape number: 828 900]" classname="Tests.CalculationTests.BuildingTests.ZoningAllowence.MaximumLotCapacityTests" time="0"/>
  <testcase name="usesFromCalibrationsWithoutVariancesTest[Shape number: 828 900]" classname="Tests.CalculationTests.BuildingTests.ZoningAllowence.UsesTest" time="2.008"/>
  <testcase name="usesFromCalibrationsTest[Shape number: 828 900]" classname="Tests.CalculationTests.BuildingTests.ZoningAllowence.UsesTest" time="0"/>
  <testcase name="usesFromOriginalCalibrationsTest[Shape number: 828 900]" classname="Tests.CalculationTests.BuildingTests.ZoningAllowence.UsesTest" time="0.002"/>
  <testcase name="checkAllowedFrontageTypeCalibrations[Shape number: 828 900]" classname="Tests.CalculationTests.BuildingTests.ZoningAllowence.AllowedFrontageTypes" time="1.863"/>
</testsuite>